Arguments: 
  C:\Program Files\nodejs\node.exe C:\Program Files (x86)\Yarn\bin\yarn.js init

PATH: 
  C:\Program Files\nodejs\;C:\Program Files\Git\bin;C:\Program Files\Git\libexec\git-core;C:\Windows\System32;C:\Users\User\Anaconda3;C:\Users\User\Anaconda3\Library\bin;C:\Users\User\Anaconda3\Scripts;C:\Users\User\AppData\Local\Yarn\bin;C:\Program Files (x86)\Yarn\bin\;%SystemRoot%\system32;%SystemRoot%;%SystemRoot%\System32\Wbem;%SYSTEMROOT%\System32\WindowsPowerShell\v1.0\;%SYSTEMROOT%\System32\OpenSSH\;C:\Program Files\nodejs\;C:\Program Files\Git\bin;C:\Program Files\Git\libexec\git-core;C:\Windows\System32;C:\Users\User\Anaconda3;C:\Users\User\Anaconda3\Library\bin;C:\Users\User\Anaconda3\Scripts;C:\Users\User\Anaconda;C:\Users\User\AppData\Local\Yarn\bin;C:\Users\User\AppData\Local\GitHubDesktop\bin;C:\Users\User\AppData\Local\Microsoft\WindowsApps;C:\Program Files\heroku\bin

Yarn version: 
  1.22.5

Node version: 
  14.16.0

Platform: 
  win32 x64

Trace: 
  Error: canceled
      at Interface.<anonymous> (C:\Program Files (x86)\Yarn\lib\cli.js:137009:13)
      at Interface.emit (events.js:315:20)
      at Interface._ttyWrite (readline.js:875:16)
      at ReadStream.onkeypress (readline.js:213:10)
      at ReadStream.emit (events.js:315:20)
      at emitKeys (internal/readline/utils.js:345:14)
      at emitKeys.next (<anonymous>)
      at ReadStream.onData (readline.js:1144:36)
      at ReadStream.emit (events.js:315:20)
      at addChunk (internal/streams/readable.js:309:12)

npm manifest: 
  No manifest

yarn manifest: 
  No manifest

Lockfile: 
  No lockfile
